CRITICAL - 2023-04-13 00:18:08 --> Could not move file "phpE43D.tmp" to "assets/img/". Reason: 
in SYSTEMPATH\HTTP\Files\UploadedFile.php on line 149.
 1 SYSTEMPATH\HTTP\Files\UploadedFile.php(149): CodeIgniter\HTTP\Exceptions\HTTPException::forMoveFailed('phpE43D.tmp', 'assets/img/', '')
 2 APPPATH\Controllers\Register.php(60): CodeIgniter\HTTP\Files\UploadedFile->move('assets/img/', 'http://localhost:8080//assets/img/1681345088_eb6d14c9976a93e19169.png')
 3 SYSTEMPATH\CodeIgniter.php(934): App\Controllers\Register->index()
 4 SYSTEMPATH\CodeIgniter.php(499): CodeIgniter\CodeIgniter->runController(Object(App\Controllers\Register))
 5 SYSTEMPATH\CodeIgniter.php(368): CodeIgniter\CodeIgniter->handleRequest(null, Object(Config\Cache), false)
 6 FCPATH\index.php(67): CodeIgniter\CodeIgniter->run()
 7 SYSTEMPATH\Commands\Server\rewrite.php(47): require_once('C:\\Users\\ABC\\Desktop\\submission\\auth-login\\public\\index.php')
CRITICAL - 2023-04-13 00:21:28 --> Could not move file "phpF1DC.tmp" to "assets/img/". Reason: 
in SYSTEMPATH\HTTP\Files\UploadedFile.php on line 149.
 1 SYSTEMPATH\HTTP\Files\UploadedFile.php(149): CodeIgniter\HTTP\Exceptions\HTTPException::forMoveFailed('phpF1DC.tmp', 'assets/img/', '')
 2 APPPATH\Controllers\Register.php(60): CodeIgniter\HTTP\Files\UploadedFile->move('assets/img/', '/assets/img/1681345288_7646388da5add493e7e0.png')
 3 SYSTEMPATH\CodeIgniter.php(934): App\Controllers\Register->index()
 4 SYSTEMPATH\CodeIgniter.php(499): CodeIgniter\CodeIgniter->runController(Object(App\Controllers\Register))
 5 SYSTEMPATH\CodeIgniter.php(368): CodeIgniter\CodeIgniter->handleRequest(null, Object(Config\Cache), false)
 6 FCPATH\index.php(67): CodeIgniter\CodeIgniter->run()
 7 SYSTEMPATH\Commands\Server\rewrite.php(47): require_once('C:\\Users\\ABC\\Desktop\\submission\\auth-login\\public\\index.php')
CRITICAL - 2023-04-13 00:22:10 --> Could not move file "php9570.tmp" to "assets/img/". Reason: 
in SYSTEMPATH\HTTP\Files\UploadedFile.php on line 149.
 1 SYSTEMPATH\HTTP\Files\UploadedFile.php(149): CodeIgniter\HTTP\Exceptions\HTTPException::forMoveFailed('php9570.tmp', 'assets/img/', '')
 2 APPPATH\Controllers\Register.php(60): CodeIgniter\HTTP\Files\UploadedFile->move('assets/img/', '/assets/img/1681345330_2ae8ad13dad169988b8b.png')
 3 SYSTEMPATH\CodeIgniter.php(934): App\Controllers\Register->index()
 4 SYSTEMPATH\CodeIgniter.php(499): CodeIgniter\CodeIgniter->runController(Object(App\Controllers\Register))
 5 SYSTEMPATH\CodeIgniter.php(368): CodeIgniter\CodeIgniter->handleRequest(null, Object(Config\Cache), false)
 6 FCPATH\index.php(67): CodeIgniter\CodeIgniter->run()
 7 SYSTEMPATH\Commands\Server\rewrite.php(47): require_once('C:\\Users\\ABC\\Desktop\\submission\\auth-login\\public\\index.php')
CRITICAL - 2023-04-13 00:33:20 --> Could not move file "phpCC01.tmp" to "assets/img/". Reason: 
in SYSTEMPATH\HTTP\Files\UploadedFile.php on line 149.
 1 SYSTEMPATH\HTTP\Files\UploadedFile.php(149): CodeIgniter\HTTP\Exceptions\HTTPException::forMoveFailed('phpCC01.tmp', 'assets/img/', '')
 2 APPPATH\Controllers\Register.php(60): CodeIgniter\HTTP\Files\UploadedFile->move('assets/img/', '/assets/img/1681346000_da69e48f259059bfeaee.png')
 3 SYSTEMPATH\CodeIgniter.php(934): App\Controllers\Register->index()
 4 SYSTEMPATH\CodeIgniter.php(499): CodeIgniter\CodeIgniter->runController(Object(App\Controllers\Register))
 5 SYSTEMPATH\CodeIgniter.php(368): CodeIgniter\CodeIgniter->handleRequest(null, Object(Config\Cache), false)
 6 FCPATH\index.php(67): CodeIgniter\CodeIgniter->run()
 7 SYSTEMPATH\Commands\Server\rewrite.php(47): require_once('C:\\Users\\ABC\\Desktop\\submission\\auth-login\\public\\index.php')
CRITICAL - 2023-04-13 00:34:54 --> Could not move file "php3B80.tmp" to "assets/img/". Reason: 
in SYSTEMPATH\HTTP\Files\UploadedFile.php on line 149.
 1 SYSTEMPATH\HTTP\Files\UploadedFile.php(149): CodeIgniter\HTTP\Exceptions\HTTPException::forMoveFailed('php3B80.tmp', 'assets/img/', '')
 2 APPPATH\Controllers\Register.php(60): CodeIgniter\HTTP\Files\UploadedFile->move('assets/img/', '/assets/img/1681346094_5745e0d002115824caa3.png')
 3 SYSTEMPATH\CodeIgniter.php(934): App\Controllers\Register->index()
 4 SYSTEMPATH\CodeIgniter.php(499): CodeIgniter\CodeIgniter->runController(Object(App\Controllers\Register))
 5 SYSTEMPATH\CodeIgniter.php(368): CodeIgniter\CodeIgniter->handleRequest(null, Object(Config\Cache), false)
 6 FCPATH\index.php(67): CodeIgniter\CodeIgniter->run()
 7 SYSTEMPATH\Commands\Server\rewrite.php(47): require_once('C:\\Users\\ABC\\Desktop\\submission\\auth-login\\public\\index.php')
CRITICAL - 2023-04-13 00:36:33 --> Could not move file "phpBF14.tmp" to "assets/img/". Reason: 
in SYSTEMPATH\HTTP\Files\UploadedFile.php on line 149.
 1 SYSTEMPATH\HTTP\Files\UploadedFile.php(149): CodeIgniter\HTTP\Exceptions\HTTPException::forMoveFailed('phpBF14.tmp', 'assets/img/', '')
 2 APPPATH\Controllers\Register.php(60): CodeIgniter\HTTP\Files\UploadedFile->move('assets/img/', '/assets/img/1681346193_01f78f54f56ebb9abca6.png')
 3 SYSTEMPATH\CodeIgniter.php(934): App\Controllers\Register->index()
 4 SYSTEMPATH\CodeIgniter.php(499): CodeIgniter\CodeIgniter->runController(Object(App\Controllers\Register))
 5 SYSTEMPATH\CodeIgniter.php(368): CodeIgniter\CodeIgniter->handleRequest(null, Object(Config\Cache), false)
 6 FCPATH\index.php(67): CodeIgniter\CodeIgniter->run()
 7 SYSTEMPATH\Commands\Server\rewrite.php(47): require_once('C:\\Users\\ABC\\Desktop\\submission\\auth-login\\public\\index.php')
CRITICAL - 2023-04-13 00:39:34 --> Could not move file "php82AA.tmp" to "assets/img/". Reason: 
in SYSTEMPATH\HTTP\Files\UploadedFile.php on line 149.
 1 SYSTEMPATH\HTTP\Files\UploadedFile.php(149): CodeIgniter\HTTP\Exceptions\HTTPException::forMoveFailed('php82AA.tmp', 'assets/img/', '')
 2 APPPATH\Controllers\Register.php(60): CodeIgniter\HTTP\Files\UploadedFile->move('assets/img/', '/assets/img/1681346374_e68ca9443b83c414fdc3.png')
 3 SYSTEMPATH\CodeIgniter.php(934): App\Controllers\Register->index()
 4 SYSTEMPATH\CodeIgniter.php(499): CodeIgniter\CodeIgniter->runController(Object(App\Controllers\Register))
 5 SYSTEMPATH\CodeIgniter.php(368): CodeIgniter\CodeIgniter->handleRequest(null, Object(Config\Cache), false)
 6 FCPATH\index.php(67): CodeIgniter\CodeIgniter->run()
 7 SYSTEMPATH\Commands\Server\rewrite.php(47): require_once('C:\\Users\\ABC\\Desktop\\submission\\auth-login\\public\\index.php')
CRITICAL - 2023-04-13 00:43:40 --> Could not move file "php41BD.tmp" to "assets/img/". Reason: 
in SYSTEMPATH\HTTP\Files\UploadedFile.php on line 149.
 1 SYSTEMPATH\HTTP\Files\UploadedFile.php(149): CodeIgniter\HTTP\Exceptions\HTTPException::forMoveFailed('php41BD.tmp', 'assets/img/', '')
 2 APPPATH\Controllers\Register.php(61): CodeIgniter\HTTP\Files\UploadedFile->move('assets/img/', '/assets/img/1681346619_a0bd265d582e0238bf90.png')
 3 SYSTEMPATH\CodeIgniter.php(934): App\Controllers\Register->index()
 4 SYSTEMPATH\CodeIgniter.php(499): CodeIgniter\CodeIgniter->runController(Object(App\Controllers\Register))
 5 SYSTEMPATH\CodeIgniter.php(368): CodeIgniter\CodeIgniter->handleRequest(null, Object(Config\Cache), false)
 6 FCPATH\index.php(67): CodeIgniter\CodeIgniter->run()
 7 SYSTEMPATH\Commands\Server\rewrite.php(47): require_once('C:\\Users\\ABC\\Desktop\\submission\\auth-login\\public\\index.php')
CRITICAL - 2023-04-13 00:45:23 --> Could not move file "phpD59D.tmp" to "assets/img/". Reason: 
in SYSTEMPATH\HTTP\Files\UploadedFile.php on line 149.
 1 SYSTEMPATH\HTTP\Files\UploadedFile.php(149): CodeIgniter\HTTP\Exceptions\HTTPException::forMoveFailed('phpD59D.tmp', 'assets/img/', '')
 2 APPPATH\Controllers\Register.php(60): CodeIgniter\HTTP\Files\UploadedFile->move('assets/img/', '/assets/img/1681346723_b426e10ca601ccfdc8ca.png')
 3 SYSTEMPATH\CodeIgniter.php(934): App\Controllers\Register->index()
 4 SYSTEMPATH\CodeIgniter.php(499): CodeIgniter\CodeIgniter->runController(Object(App\Controllers\Register))
 5 SYSTEMPATH\CodeIgniter.php(368): CodeIgniter\CodeIgniter->handleRequest(null, Object(Config\Cache), false)
 6 FCPATH\index.php(67): CodeIgniter\CodeIgniter->run()
 7 SYSTEMPATH\Commands\Server\rewrite.php(47): require_once('C:\\Users\\ABC\\Desktop\\submission\\auth-login\\public\\index.php')
CRITICAL - 2023-04-13 00:53:30 --> Could not move file "php458C.tmp" to "/assets/img/". Reason: 
in SYSTEMPATH\HTTP\Files\UploadedFile.php on line 149.
 1 SYSTEMPATH\HTTP\Files\UploadedFile.php(149): CodeIgniter\HTTP\Exceptions\HTTPException::forMoveFailed('php458C.tmp', '/assets/img/', '')
 2 APPPATH\Controllers\Register.php(60): CodeIgniter\HTTP\Files\UploadedFile->move('/assets/img/', '/assets/img/1681347210_b3002ee84f90037c7b2e.png')
 3 SYSTEMPATH\CodeIgniter.php(934): App\Controllers\Register->index()
 4 SYSTEMPATH\CodeIgniter.php(499): CodeIgniter\CodeIgniter->runController(Object(App\Controllers\Register))
 5 SYSTEMPATH\CodeIgniter.php(368): CodeIgniter\CodeIgniter->handleRequest(null, Object(Config\Cache), false)
 6 FCPATH\index.php(67): CodeIgniter\CodeIgniter->run()
 7 SYSTEMPATH\Commands\Server\rewrite.php(47): require_once('C:\\Users\\ABC\\Desktop\\submission\\auth-login\\public\\index.php')
CRITICAL - 2023-04-13 01:05:40 --> Could not move file "php6861.tmp" to "/assets/img/". Reason: 
in SYSTEMPATH\HTTP\Files\UploadedFile.php on line 149.
 1 SYSTEMPATH\HTTP\Files\UploadedFile.php(149): CodeIgniter\HTTP\Exceptions\HTTPException::forMoveFailed('php6861.tmp', '/assets/img/', '')
 2 APPPATH\Controllers\Register.php(60): CodeIgniter\HTTP\Files\UploadedFile->move('/assets/img/', '/assets/img/1681347940_329f864e0640bf027dfe.png')
 3 SYSTEMPATH\CodeIgniter.php(934): App\Controllers\Register->index()
 4 SYSTEMPATH\CodeIgniter.php(499): CodeIgniter\CodeIgniter->runController(Object(App\Controllers\Register))
 5 SYSTEMPATH\CodeIgniter.php(368): CodeIgniter\CodeIgniter->handleRequest(null, Object(Config\Cache), false)
 6 FCPATH\index.php(67): CodeIgniter\CodeIgniter->run()
 7 SYSTEMPATH\Commands\Server\rewrite.php(47): require_once('C:\\Users\\ABC\\Desktop\\submission\\auth-login\\public\\index.php')
CRITICAL - 2023-04-13 01:05:51 --> Could not move file "php9109.tmp" to "/assets/img/". Reason: 
in SYSTEMPATH\HTTP\Files\UploadedFile.php on line 149.
 1 SYSTEMPATH\HTTP\Files\UploadedFile.php(149): CodeIgniter\HTTP\Exceptions\HTTPException::forMoveFailed('php9109.tmp', '/assets/img/', '')
 2 APPPATH\Controllers\Register.php(60): CodeIgniter\HTTP\Files\UploadedFile->move('/assets/img/', '/assets/img/1681347951_d841bab5e00d28542283.png')
 3 SYSTEMPATH\CodeIgniter.php(934): App\Controllers\Register->index()
 4 SYSTEMPATH\CodeIgniter.php(499): CodeIgniter\CodeIgniter->runController(Object(App\Controllers\Register))
 5 SYSTEMPATH\CodeIgniter.php(368): CodeIgniter\CodeIgniter->handleRequest(null, Object(Config\Cache), false)
 6 FCPATH\index.php(67): CodeIgniter\CodeIgniter->run()
 7 SYSTEMPATH\Commands\Server\rewrite.php(47): require_once('C:\\Users\\ABC\\Desktop\\submission\\auth-login\\public\\index.php')
CRITICAL - 2023-04-13 01:16:51 --> Could not move file "phpA586.tmp" to "gambar/". Reason: 
in SYSTEMPATH\HTTP\Files\UploadedFile.php on line 149.
 1 SYSTEMPATH\HTTP\Files\UploadedFile.php(149): CodeIgniter\HTTP\Exceptions\HTTPException::forMoveFailed('phpA586.tmp', 'gambar/', '')
 2 APPPATH\Controllers\Register.php(60): CodeIgniter\HTTP\Files\UploadedFile->move('gambar/', 'gambar/1681348611_2f850efa40f7d5e9abac.png')
 3 SYSTEMPATH\CodeIgniter.php(934): App\Controllers\Register->index()
 4 SYSTEMPATH\CodeIgniter.php(499): CodeIgniter\CodeIgniter->runController(Object(App\Controllers\Register))
 5 SYSTEMPATH\CodeIgniter.php(368): CodeIgniter\CodeIgniter->handleRequest(null, Object(Config\Cache), false)
 6 FCPATH\index.php(67): CodeIgniter\CodeIgniter->run()
 7 SYSTEMPATH\Commands\Server\rewrite.php(47): require_once('C:\\Users\\ABC\\Desktop\\submission\\auth-login\\public\\index.php')
CRITICAL - 2023-04-13 01:27:53 --> Could not move file "phpBCE5.tmp" to "gambar/". Reason: 
in SYSTEMPATH\HTTP\Files\UploadedFile.php on line 149.
 1 SYSTEMPATH\HTTP\Files\UploadedFile.php(149): CodeIgniter\HTTP\Exceptions\HTTPException::forMoveFailed('phpBCE5.tmp', 'gambar/', '')
 2 APPPATH\Controllers\Register.php(61): CodeIgniter\HTTP\Files\UploadedFile->move('gambar/', 'gambar/1681349272_23b850df34d4cf25190a.png')
 3 SYSTEMPATH\CodeIgniter.php(934): App\Controllers\Register->index()
 4 SYSTEMPATH\CodeIgniter.php(499): CodeIgniter\CodeIgniter->runController(Object(App\Controllers\Register))
 5 SYSTEMPATH\CodeIgniter.php(368): CodeIgniter\CodeIgniter->handleRequest(null, Object(Config\Cache), false)
 6 FCPATH\index.php(67): CodeIgniter\CodeIgniter->run()
 7 SYSTEMPATH\Commands\Server\rewrite.php(47): require_once('C:\\Users\\ABC\\Desktop\\submission\\auth-login\\public\\index.php')
CRITICAL - 2023-04-13 02:08:22 --> Class "Firebase\JWT" not found
in APPPATH\Controllers\Login.php on line 53.
 1 SYSTEMPATH\CodeIgniter.php(934): App\Controllers\Login->index()
 2 SYSTEMPATH\CodeIgniter.php(499): CodeIgniter\CodeIgniter->runController(Object(App\Controllers\Login))
 3 SYSTEMPATH\CodeIgniter.php(368): CodeIgniter\CodeIgniter->handleRequest(null, Object(Config\Cache), false)
 4 FCPATH\index.php(67): CodeIgniter\CodeIgniter->run()
 5 SYSTEMPATH\Commands\Server\rewrite.php(47): require_once('C:\\Users\\ABC\\Desktop\\submission\\auth-login\\public\\index.php')
CRITICAL - 2023-04-13 03:22:49 --> Call to undefined method CodeIgniter\HTTP\IncomingRequest::getServe()
in APPPATH\Controllers\User.php on line 22.
 1 SYSTEMPATH\CodeIgniter.php(934): App\Controllers\User->index()
 2 SYSTEMPATH\CodeIgniter.php(499): CodeIgniter\CodeIgniter->runController(Object(App\Controllers\User))
 3 SYSTEMPATH\CodeIgniter.php(368): CodeIgniter\CodeIgniter->handleRequest(null, Object(Config\Cache), false)
 4 FCPATH\index.php(67): CodeIgniter\CodeIgniter->run()
 5 SYSTEMPATH\Commands\Server\rewrite.php(47): require_once('C:\\Users\\ABC\\Desktop\\submission\\auth-login\\public\\index.php')
CRITICAL - 2023-04-13 03:25:43 --> explode(): Argument #1 ($separator) cannot be empty
in APPPATH\Controllers\User.php on line 27.
 1 APPPATH\Controllers\User.php(27): explode('', 'Bearer eyJ0eXAiOiJKV1QiLCJhbGciOiJIUzI1NiJ9.eyJpc3MiOiJhdXRoLWp3dCIsInN1YiI6ImxvZ2ludG9rZW4iLCJpYXQiOjE2ODEzNTU5NDEsImV4cCI6MTY4MTM1OTU0MSwiZW1haWwiOiJiYXl1QGdtYWlsLmNvbSJ9.GuJgyE3UO7Q5wVKssZ1dZwFFSQUs7jyxmcg_I64KxAQ')
 2 SYSTEMPATH\CodeIgniter.php(934): App\Controllers\User->index()
 3 SYSTEMPATH\CodeIgniter.php(499): CodeIgniter\CodeIgniter->runController(Object(App\Controllers\User))
 4 SYSTEMPATH\CodeIgniter.php(368): CodeIgniter\CodeIgniter->handleRequest(null, Object(Config\Cache), false)
 5 FCPATH\index.php(67): CodeIgniter\CodeIgniter->run()
 6 SYSTEMPATH\Commands\Server\rewrite.php(47): require_once('C:\\Users\\ABC\\Desktop\\submission\\auth-login\\public\\index.php')
CRITICAL - 2023-04-13 03:26:16 --> explode(): Argument #1 ($separator) cannot be empty
in APPPATH\Controllers\User.php on line 27.
 1 APPPATH\Controllers\User.php(27): explode('', 'Bearer eyJ0eXAiOiJKV1QiLCJhbGciOiJIUzI1NiJ9.eyJpc3MiOiJhdXRoLWp3dCIsInN1YiI6ImxvZ2ludG9rZW4iLCJpYXQiOjE2ODEzNTU5NDEsImV4cCI6MTY4MTM1OTU0MSwiZW1haWwiOiJiYXl1QGdtYWlsLmNvbSJ9.GuJgyE3UO7Q5wVKssZ1dZwFFSQUs7jyxmcg_I64KxAQ')
 2 SYSTEMPATH\CodeIgniter.php(934): App\Controllers\User->index()
 3 SYSTEMPATH\CodeIgniter.php(499): CodeIgniter\CodeIgniter->runController(Object(App\Controllers\User))
 4 SYSTEMPATH\CodeIgniter.php(368): CodeIgniter\CodeIgniter->handleRequest(null, Object(Config\Cache), false)
 5 FCPATH\index.php(67): CodeIgniter\CodeIgniter->run()
 6 SYSTEMPATH\Commands\Server\rewrite.php(47): require_once('C:\\Users\\ABC\\Desktop\\submission\\auth-login\\public\\index.php')
CRITICAL - 2023-04-13 03:27:03 --> explode(): Argument #1 ($separator) cannot be empty
in APPPATH\Controllers\User.php on line 27.
 1 APPPATH\Controllers\User.php(27): explode('', 'Bearer eyJ0eXAiOiJKV1QiLCJhbGciOiJIUzI1NiJ9.eyJpc3MiOiJhdXRoLWp3dCIsInN1YiI6ImxvZ2ludG9rZW4iLCJpYXQiOjE2ODEzNTU5NDEsImV4cCI6MTY4MTM1OTU0MSwiZW1haWwiOiJiYXl1QGdtYWlsLmNvbSJ9.GuJgyE3UO7Q5wVKssZ1dZwFFSQUs7jyxmcg_I64KxAQ')
 2 SYSTEMPATH\CodeIgniter.php(934): App\Controllers\User->index()
 3 SYSTEMPATH\CodeIgniter.php(499): CodeIgniter\CodeIgniter->runController(Object(App\Controllers\User))
 4 SYSTEMPATH\CodeIgniter.php(368): CodeIgniter\CodeIgniter->handleRequest(null, Object(Config\Cache), false)
 5 FCPATH\index.php(67): CodeIgniter\CodeIgniter->run()
 6 SYSTEMPATH\Commands\Server\rewrite.php(47): require_once('C:\\Users\\ABC\\Desktop\\submission\\auth-login\\public\\index.php')
CRITICAL - 2023-04-13 03:33:01 --> "kid" empty, unable to lookup correct key
in VENDORPATH\firebase\php-jwt\src\JWT.php on line 439.
 1 VENDORPATH\firebase\php-jwt\src\JWT.php(129): Firebase\JWT\JWT::getKey('kfgjkfjgiurtrldkfgriutpeoriopereorerinrueirnuekflgofigrot8r9trnturiturituritrit', null)
 2 APPPATH\Controllers\User.php(31): Firebase\JWT\JWT::decode('eyJ0eXAiOiJKV1QiLCJhbGciOiJIUzI1NiJ9.eyJpc3MiOiJhdXRoLWp3dCIsInN1YiI6ImxvZ2ludG9rZW4iLCJpYXQiOjE2ODEzNTY3MzcsImV4cCI6MTY4MTM2MDMzNywiZW1haWwiOiJiYXl1QGdtYWlsLmNvbSJ9.bo8iv0xLM5wsS4b-dukTXJ4mQqV-MvKVRzYZxwDDdI8', 'kfgjkfjgiurtrldkfgriutpeoriopereorerinrueirnuekflgofigrot8r9trnturiturituritrit', [...])
 3 SYSTEMPATH\CodeIgniter.php(934): App\Controllers\User->index()
 4 SYSTEMPATH\CodeIgniter.php(499): CodeIgniter\CodeIgniter->runController(Object(App\Controllers\User))
 5 SYSTEMPATH\CodeIgniter.php(368): CodeIgniter\CodeIgniter->handleRequest(null, Object(Config\Cache), false)
 6 FCPATH\index.php(67): CodeIgniter\CodeIgniter->run()
 7 SYSTEMPATH\Commands\Server\rewrite.php(47): require_once('C:\\Users\\ABC\\Desktop\\submission\\auth-login\\public\\index.php')
CRITICAL - 2023-04-13 03:33:52 --> "kid" empty, unable to lookup correct key
in VENDORPATH\firebase\php-jwt\src\JWT.php on line 439.
 1 VENDORPATH\firebase\php-jwt\src\JWT.php(129): Firebase\JWT\JWT::getKey('kfgjkfjgiurtrldkfgriutpeoriopereorerinrueirnuekflgofigrot8r9trnturiturituritrit', null)
 2 APPPATH\Controllers\User.php(31): Firebase\JWT\JWT::decode('eyJ0eXAiOiJKV1QiLCJhbGciOiJIUzI1NiJ9.eyJpc3MiOiJhdXRoLWp3dCIsInN1YiI6ImxvZ2ludG9rZW4iLCJpYXQiOjE2ODEzNTY3MzcsImV4cCI6MTY4MTM2MDMzNywiZW1haWwiOiJiYXl1QGdtYWlsLmNvbSJ9.bo8iv0xLM5wsS4b-dukTXJ4mQqV-MvKVRzYZxwDDdI8', 'kfgjkfjgiurtrldkfgriutpeoriopereorerinrueirnuekflgofigrot8r9trnturiturituritrit', [...])
 3 SYSTEMPATH\CodeIgniter.php(934): App\Controllers\User->index()
 4 SYSTEMPATH\CodeIgniter.php(499): CodeIgniter\CodeIgniter->runController(Object(App\Controllers\User))
 5 SYSTEMPATH\CodeIgniter.php(368): CodeIgniter\CodeIgniter->handleRequest(null, Object(Config\Cache), false)
 6 FCPATH\index.php(67): CodeIgniter\CodeIgniter->run()
 7 SYSTEMPATH\Commands\Server\rewrite.php(47): require_once('C:\\Users\\ABC\\Desktop\\submission\\auth-login\\public\\index.php')
CRITICAL - 2023-04-13 03:40:12 --> "kid" empty, unable to lookup correct key
in VENDORPATH\firebase\php-jwt\src\JWT.php on line 439.
 1 VENDORPATH\firebase\php-jwt\src\JWT.php(129): Firebase\JWT\JWT::getKey('kfgjkfjgiurtrldkfgriutpeoriopereorerinrueirnuekflgofigrot8r9trnturiturituritrit', null)
 2 APPPATH\Controllers\User.php(32): Firebase\JWT\JWT::decode('eyJ0eXAiOiJKV1QiLCJhbGciOiJIUzI1NiJ9.eyJpc3MiOiJhdXRoLWp3dCIsInN1YiI6ImxvZ2ludG9rZW4iLCJpYXQiOjE2ODEzNTY3MzcsImV4cCI6MTY4MTM2MDMzNywiZW1haWwiOiJiYXl1QGdtYWlsLmNvbSJ9.bo8iv0xLM5wsS4b-dukTXJ4mQqV-MvKVRzYZxwDDdI8', 'kfgjkfjgiurtrldkfgriutpeoriopereorerinrueirnuekflgofigrot8r9trnturiturituritrit', [...])
 3 SYSTEMPATH\CodeIgniter.php(934): App\Controllers\User->index()
 4 SYSTEMPATH\CodeIgniter.php(499): CodeIgniter\CodeIgniter->runController(Object(App\Controllers\User))
 5 SYSTEMPATH\CodeIgniter.php(368): CodeIgniter\CodeIgniter->handleRequest(null, Object(Config\Cache), false)
 6 FCPATH\index.php(67): CodeIgniter\CodeIgniter->run()
 7 SYSTEMPATH\Commands\Server\rewrite.php(47): require_once('C:\\Users\\ABC\\Desktop\\submission\\auth-login\\public\\index.php')
CRITICAL - 2023-04-13 03:49:00 --> "kid" empty, unable to lookup correct key
in VENDORPATH\firebase\php-jwt\src\JWT.php on line 439.
 1 VENDORPATH\firebase\php-jwt\src\JWT.php(129): Firebase\JWT\JWT::getKey('kfgjkfjgiurtrldkfgriutpeoriopereorerinrueirnuekflgofigrot8r9trnturiturituritrit', null)
 2 APPPATH\Controllers\User.php(33): Firebase\JWT\JWT::decode('eyJ0eXAiOiJKV1QiLCJhbGciOiJIUzI1NiJ9.eyJpc3MiOiJhdXRoLWp3dCIsInN1YiI6ImxvZ2ludG9rZW4iLCJpYXQiOjE2ODEzNTY3MzcsImV4cCI6MTY4MTM2MDMzNywiZW1haWwiOiJiYXl1QGdtYWlsLmNvbSJ9.bo8iv0xLM5wsS4b-dukTXJ4mQqV-MvKVRzYZxwDDdI8', 'kfgjkfjgiurtrldkfgriutpeoriopereorerinrueirnuekflgofigrot8r9trnturiturituritrit', 'HS256')
 3 SYSTEMPATH\CodeIgniter.php(934): App\Controllers\User->index()
 4 SYSTEMPATH\CodeIgniter.php(499): CodeIgniter\CodeIgniter->runController(Object(App\Controllers\User))
 5 SYSTEMPATH\CodeIgniter.php(368): CodeIgniter\CodeIgniter->handleRequest(null, Object(Config\Cache), false)
 6 FCPATH\index.php(67): CodeIgniter\CodeIgniter->run()
 7 SYSTEMPATH\Commands\Server\rewrite.php(47): require_once('C:\\Users\\ABC\\Desktop\\submission\\auth-login\\public\\index.php')
ERROR - 2023-04-13 09:48:01 --> Error connecting to the database: mysqli_sql_exception: No connection could be made because the target machine actively refused it in C:\Users\ABC\Desktop\submission\auth-login\vendor\codeigniter4\framework\system\Database\MySQLi\Connection.php:174
Stack trace:
#0 C:\Users\ABC\Desktop\submission\auth-login\vendor\codeigniter4\framework\system\Database\MySQLi\Connection.php(174): mysqli->real_connect('localhost', 'root', '', 'codeigneter', 3306, '', 0)
#1 C:\Users\ABC\Desktop\submission\auth-login\vendor\codeigniter4\framework\system\Database\BaseConnection.php(391): CodeIgniter\Database\MySQLi\Connection->connect(false)
#2 C:\Users\ABC\Desktop\submission\auth-login\vendor\codeigniter4\framework\system\Database\BaseConnection.php(573): CodeIgniter\Database\BaseConnection->initialize()
#3 C:\Users\ABC\Desktop\submission\auth-login\vendor\codeigniter4\framework\system\Database\BaseBuilder.php(1616): CodeIgniter\Database\BaseConnection->query('SELECT *\nFROM `...', Array, false)
#4 C:\Users\ABC\Desktop\submission\auth-login\vendor\codeigniter4\framework\system\Model.php(268): CodeIgniter\Database\BaseBuilder->get()
#5 C:\Users\ABC\Desktop\submission\auth-login\vendor\codeigniter4\framework\system\BaseModel.php(656): CodeIgniter\Model->doFirst()
#6 C:\Users\ABC\Desktop\submission\auth-login\app\Controllers\Login.php(25): CodeIgniter\BaseModel->first()
#7 C:\Users\ABC\Desktop\submission\auth-login\vendor\codeigniter4\framework\system\CodeIgniter.php(934): App\Controllers\Login->index()
#8 C:\Users\ABC\Desktop\submission\auth-login\vendor\codeigniter4\framework\system\CodeIgniter.php(499): CodeIgniter\CodeIgniter->runController(Object(App\Controllers\Login))
#9 C:\Users\ABC\Desktop\submission\auth-login\vendor\codeigniter4\framework\system\CodeIgniter.php(368): CodeIgniter\CodeIgniter->handleRequest(NULL, Object(Config\Cache), false)
#10 C:\Users\ABC\Desktop\submission\auth-login\public\index.php(67): CodeIgniter\CodeIgniter->run()
#11 C:\Users\ABC\Desktop\submission\auth-login\vendor\codeigniter4\framework\system\Commands\Server\rewrite.php(47): require_once('C:\\Users\\ABC\\De...')
#12 {main}

Next CodeIgniter\Database\Exceptions\DatabaseException: No connection could be made because the target machine actively refused it in C:\Users\ABC\Desktop\submission\auth-login\vendor\codeigniter4\framework\system\Database\MySQLi\Connection.php:218
Stack trace:
#0 C:\Users\ABC\Desktop\submission\auth-login\vendor\codeigniter4\framework\system\Database\BaseConnection.php(391): CodeIgniter\Database\MySQLi\Connection->connect(false)
#1 C:\Users\ABC\Desktop\submission\auth-login\vendor\codeigniter4\framework\system\Database\BaseConnection.php(573): CodeIgniter\Database\BaseConnection->initialize()
#2 C:\Users\ABC\Desktop\submission\auth-login\vendor\codeigniter4\framework\system\Database\BaseBuilder.php(1616): CodeIgniter\Database\BaseConnection->query('SELECT *\nFROM `...', Array, false)
#3 C:\Users\ABC\Desktop\submission\auth-login\vendor\codeigniter4\framework\system\Model.php(268): CodeIgniter\Database\BaseBuilder->get()
#4 C:\Users\ABC\Desktop\submission\auth-login\vendor\codeigniter4\framework\system\BaseModel.php(656): CodeIgniter\Model->doFirst()
#5 C:\Users\ABC\Desktop\submission\auth-login\app\Controllers\Login.php(25): CodeIgniter\BaseModel->first()
#6 C:\Users\ABC\Desktop\submission\auth-login\vendor\codeigniter4\framework\system\CodeIgniter.php(934): App\Controllers\Login->index()
#7 C:\Users\ABC\Desktop\submission\auth-login\vendor\codeigniter4\framework\system\CodeIgniter.php(499): CodeIgniter\CodeIgniter->runController(Object(App\Controllers\Login))
#8 C:\Users\ABC\Desktop\submission\auth-login\vendor\codeigniter4\framework\system\CodeIgniter.php(368): CodeIgniter\CodeIgniter->handleRequest(NULL, Object(Config\Cache), false)
#9 C:\Users\ABC\Desktop\submission\auth-login\public\index.php(67): CodeIgniter\CodeIgniter->run()
#10 C:\Users\ABC\Desktop\submission\auth-login\vendor\codeigniter4\framework\system\Commands\Server\rewrite.php(47): require_once('C:\\Users\\ABC\\De...')
#11 {main}
CRITICAL - 2023-04-13 09:48:01 --> Unable to connect to the database.
Main connection [MySQLi]: No connection could be made because the target machine actively refused it
in SYSTEMPATH\Database\BaseConnection.php on line 427.
 1 SYSTEMPATH\Database\BaseConnection.php(573): CodeIgniter\Database\BaseConnection->initialize()
 2 SYSTEMPATH\Database\BaseBuilder.php(1616): CodeIgniter\Database\BaseConnection->query('SELECT *
FROM `users`
WHERE `email` = :email:
 LIMIT 1', [...], false)
 3 SYSTEMPATH\Model.php(268): CodeIgniter\Database\BaseBuilder->get()
 4 SYSTEMPATH\BaseModel.php(656): CodeIgniter\Model->doFirst()
 5 APPPATH\Controllers\Login.php(25): CodeIgniter\BaseModel->first()
 6 SYSTEMPATH\CodeIgniter.php(934): App\Controllers\Login->index()
 7 SYSTEMPATH\CodeIgniter.php(499): CodeIgniter\CodeIgniter->runController(Object(App\Controllers\Login))
 8 SYSTEMPATH\CodeIgniter.php(368): CodeIgniter\CodeIgniter->handleRequest(null, Object(Config\Cache), false)
 9 FCPATH\index.php(67): CodeIgniter\CodeIgniter->run()
10 SYSTEMPATH\Commands\Server\rewrite.php(47): require_once('C:\\Users\\ABC\\Desktop\\submission\\auth-login\\public\\index.php')
CRITICAL - 2023-04-13 09:48:36 --> CodeIgniter\BaseModel::transformDataToArray(): Return value must be of type array, string returned
in SYSTEMPATH\BaseModel.php on line 1706.
 1 SYSTEMPATH\BaseModel.php(910): CodeIgniter\BaseModel->transformDataToArray('$2y$10$N56LgFVDLrtQcIpiUN.Mp.jwSXs8ObfCvdmTO3vvYDTMvBuaQMIha', 'update')
 2 SYSTEMPATH\Model.php(756): CodeIgniter\BaseModel->update([...], '$2y$10$N56LgFVDLrtQcIpiUN.Mp.jwSXs8ObfCvdmTO3vvYDTMvBuaQMIha')
 3 APPPATH\Controllers\ForgotPassword.php(58): CodeIgniter\Model->update('password', '$2y$10$N56LgFVDLrtQcIpiUN.Mp.jwSXs8ObfCvdmTO3vvYDTMvBuaQMIha')
 4 SYSTEMPATH\CodeIgniter.php(934): App\Controllers\ForgotPassword->index()
 5 SYSTEMPATH\CodeIgniter.php(499): CodeIgniter\CodeIgniter->runController(Object(App\Controllers\ForgotPassword))
 6 SYSTEMPATH\CodeIgniter.php(368): CodeIgniter\CodeIgniter->handleRequest(null, Object(Config\Cache), false)
 7 FCPATH\index.php(67): CodeIgniter\CodeIgniter->run()
 8 SYSTEMPATH\Commands\Server\rewrite.php(47): require_once('C:\\Users\\ABC\\Desktop\\submission\\auth-login\\public\\index.php')
CRITICAL - 2023-04-13 09:49:36 --> CodeIgniter\BaseModel::transformDataToArray(): Return value must be of type array, string returned
in SYSTEMPATH\BaseModel.php on line 1706.
 1 SYSTEMPATH\BaseModel.php(910): CodeIgniter\BaseModel->transformDataToArray('$2y$10$DTTzVq7BLITC3nfQOYH29u3MpqaGLY/MFadEUqvauOumFHyP5CCUC', 'update')
 2 SYSTEMPATH\Model.php(756): CodeIgniter\BaseModel->update([...], '$2y$10$DTTzVq7BLITC3nfQOYH29u3MpqaGLY/MFadEUqvauOumFHyP5CCUC')
 3 APPPATH\Controllers\ForgotPassword.php(58): CodeIgniter\Model->update('password', '$2y$10$DTTzVq7BLITC3nfQOYH29u3MpqaGLY/MFadEUqvauOumFHyP5CCUC')
 4 SYSTEMPATH\CodeIgniter.php(934): App\Controllers\ForgotPassword->index()
 5 SYSTEMPATH\CodeIgniter.php(499): CodeIgniter\CodeIgniter->runController(Object(App\Controllers\ForgotPassword))
 6 SYSTEMPATH\CodeIgniter.php(368): CodeIgniter\CodeIgniter->handleRequest(null, Object(Config\Cache), false)
 7 FCPATH\index.php(67): CodeIgniter\CodeIgniter->run()
 8 SYSTEMPATH\Commands\Server\rewrite.php(47): require_once('C:\\Users\\ABC\\Desktop\\submission\\auth-login\\public\\index.php')
CRITICAL - 2023-04-13 09:54:08 --> Call to undefined function App\Controllers\random_string()
in APPPATH\Controllers\ForgotPassword.php on line 42.
 1 SYSTEMPATH\CodeIgniter.php(934): App\Controllers\ForgotPassword->index()
 2 SYSTEMPATH\CodeIgniter.php(499): CodeIgniter\CodeIgniter->runController(Object(App\Controllers\ForgotPassword))
 3 SYSTEMPATH\CodeIgniter.php(368): CodeIgniter\CodeIgniter->handleRequest(null, Object(Config\Cache), false)
 4 FCPATH\index.php(67): CodeIgniter\CodeIgniter->run()
 5 SYSTEMPATH\Commands\Server\rewrite.php(47): require_once('C:\\Users\\ABC\\Desktop\\submission\\auth-login\\public\\index.php')
CRITICAL - 2023-04-13 09:54:24 --> Call to undefined function App\Controllers\random_string()
in APPPATH\Controllers\ForgotPassword.php on line 42.
 1 SYSTEMPATH\CodeIgniter.php(934): App\Controllers\ForgotPassword->index()
 2 SYSTEMPATH\CodeIgniter.php(499): CodeIgniter\CodeIgniter->runController(Object(App\Controllers\ForgotPassword))
 3 SYSTEMPATH\CodeIgniter.php(368): CodeIgniter\CodeIgniter->handleRequest(null, Object(Config\Cache), false)
 4 FCPATH\index.php(67): CodeIgniter\CodeIgniter->run()
 5 SYSTEMPATH\Commands\Server\rewrite.php(47): require_once('C:\\Users\\ABC\\Desktop\\submission\\auth-login\\public\\index.php')
CRITICAL - 2023-04-13 10:00:20 --> Object of class App\Models\UsersModel could not be converted to string
in APPPATH\Controllers\ForgotPassword.php on line 60.
 1 SYSTEMPATH\CodeIgniter.php(934): App\Controllers\ForgotPassword->index()
 2 SYSTEMPATH\CodeIgniter.php(499): CodeIgniter\CodeIgniter->runController(Object(App\Controllers\ForgotPassword))
 3 SYSTEMPATH\CodeIgniter.php(368): CodeIgniter\CodeIgniter->handleRequest(null, Object(Config\Cache), false)
 4 FCPATH\index.php(67): CodeIgniter\CodeIgniter->run()
 5 SYSTEMPATH\Commands\Server\rewrite.php(47): require_once('C:\\Users\\ABC\\Desktop\\submission\\auth-login\\public\\index.php')
CRITICAL - 2023-04-13 10:00:45 --> Object of class App\Models\UsersModel could not be converted to string
in APPPATH\Controllers\ForgotPassword.php on line 60.
 1 SYSTEMPATH\CodeIgniter.php(934): App\Controllers\ForgotPassword->index()
 2 SYSTEMPATH\CodeIgniter.php(499): CodeIgniter\CodeIgniter->runController(Object(App\Controllers\ForgotPassword))
 3 SYSTEMPATH\CodeIgniter.php(368): CodeIgniter\CodeIgniter->handleRequest(null, Object(Config\Cache), false)
 4 FCPATH\index.php(67): CodeIgniter\CodeIgniter->run()
 5 SYSTEMPATH\Commands\Server\rewrite.php(47): require_once('C:\\Users\\ABC\\Desktop\\submission\\auth-login\\public\\index.php')
CRITICAL - 2023-04-13 10:03:48 --> CodeIgniter\BaseModel::transformDataToArray(): Return value must be of type array, string returned
in SYSTEMPATH\BaseModel.php on line 1706.
 1 SYSTEMPATH\BaseModel.php(910): CodeIgniter\BaseModel->transformDataToArray('$2y$10$JYsvS173Ap2PnLrhWaYwhOXAUsG5k2TwtfElVlvPJWYdpCUbE2IMS', 'update')
 2 SYSTEMPATH\Model.php(756): CodeIgniter\BaseModel->update([...], '$2y$10$JYsvS173Ap2PnLrhWaYwhOXAUsG5k2TwtfElVlvPJWYdpCUbE2IMS')
 3 APPPATH\Controllers\ForgotPassword.php(60): CodeIgniter\Model->update('password', '$2y$10$JYsvS173Ap2PnLrhWaYwhOXAUsG5k2TwtfElVlvPJWYdpCUbE2IMS')
 4 SYSTEMPATH\CodeIgniter.php(934): App\Controllers\ForgotPassword->index()
 5 SYSTEMPATH\CodeIgniter.php(499): CodeIgniter\CodeIgniter->runController(Object(App\Controllers\ForgotPassword))
 6 SYSTEMPATH\CodeIgniter.php(368): CodeIgniter\CodeIgniter->handleRequest(null, Object(Config\Cache), false)
 7 FCPATH\index.php(67): CodeIgniter\CodeIgniter->run()
 8 SYSTEMPATH\Commands\Server\rewrite.php(47): require_once('C:\\Users\\ABC\\Desktop\\submission\\auth-login\\public\\index.php')
ERROR - 2023-04-13 10:23:52 --> mysqli_sql_exception: Duplicate entry '' for key 'email' in C:\Users\ABC\Desktop\submission\auth-login\vendor\codeigniter4\framework\system\Database\MySQLi\Connection.php:295
Stack trace:
#0 C:\Users\ABC\Desktop\submission\auth-login\vendor\codeigniter4\framework\system\Database\MySQLi\Connection.php(295): mysqli->query('INSERT INTO `us...', 0)
#1 C:\Users\ABC\Desktop\submission\auth-login\vendor\codeigniter4\framework\system\Database\BaseConnection.php(691): CodeIgniter\Database\MySQLi\Connection->execute('INSERT INTO `us...')
#2 C:\Users\ABC\Desktop\submission\auth-login\vendor\codeigniter4\framework\system\Database\BaseConnection.php(605): CodeIgniter\Database\BaseConnection->simpleQuery('INSERT INTO `us...')
#3 C:\Users\ABC\Desktop\submission\auth-login\vendor\codeigniter4\framework\system\Database\BaseBuilder.php(2309): CodeIgniter\Database\BaseConnection->query('INSERT INTO `us...', Array, false)
#4 C:\Users\ABC\Desktop\submission\auth-login\vendor\codeigniter4\framework\system\Model.php(330): CodeIgniter\Database\BaseBuilder->insert()
#5 C:\Users\ABC\Desktop\submission\auth-login\vendor\codeigniter4\framework\system\BaseModel.php(782): CodeIgniter\Model->doInsert(Array)
#6 C:\Users\ABC\Desktop\submission\auth-login\vendor\codeigniter4\framework\system\Model.php(730): CodeIgniter\BaseModel->insert(Array, false)
#7 C:\Users\ABC\Desktop\submission\auth-login\vendor\codeigniter4\framework\system\BaseModel.php(692): CodeIgniter\Model->insert(Array, false)
#8 C:\Users\ABC\Desktop\submission\auth-login\app\Controllers\ForgotPassword.php(61): CodeIgniter\BaseModel->save(Array)
#9 C:\Users\ABC\Desktop\submission\auth-login\vendor\codeigniter4\framework\system\CodeIgniter.php(934): App\Controllers\ForgotPassword->index()
#10 C:\Users\ABC\Desktop\submission\auth-login\vendor\codeigniter4\framework\system\CodeIgniter.php(499): CodeIgniter\CodeIgniter->runController(Object(App\Controllers\ForgotPassword))
#11 C:\Users\ABC\Desktop\submission\auth-login\vendor\codeigniter4\framework\system\CodeIgniter.php(368): CodeIgniter\CodeIgniter->handleRequest(NULL, Object(Config\Cache), false)
#12 C:\Users\ABC\Desktop\submission\auth-login\public\index.php(67): CodeIgniter\CodeIgniter->run()
#13 C:\Users\ABC\Desktop\submission\auth-login\vendor\codeigniter4\framework\system\Commands\Server\rewrite.php(47): require_once('C:\\Users\\ABC\\De...')
#14 {main}
CRITICAL - 2023-04-13 10:23:52 --> Duplicate entry '' for key 'email'
in SYSTEMPATH\Database\MySQLi\Connection.php on line 295.
 1 SYSTEMPATH\Database\MySQLi\Connection.php(295): mysqli->query('INSERT INTO `users` (`password`) VALUES (\'$2y$10$Fz7BvhY9xVNhrohjLUICOe.WttGDLqAS6itM7MuqCS.vMLOlRKHzS\')', 0)
 2 SYSTEMPATH\Database\BaseConnection.php(691): CodeIgniter\Database\MySQLi\Connection->execute('INSERT INTO `users` (`password`) VALUES (\'$2y$10$Fz7BvhY9xVNhrohjLUICOe.WttGDLqAS6itM7MuqCS.vMLOlRKHzS\')')
 3 SYSTEMPATH\Database\BaseConnection.php(605): CodeIgniter\Database\BaseConnection->simpleQuery('INSERT INTO `users` (`password`) VALUES (\'$2y$10$Fz7BvhY9xVNhrohjLUICOe.WttGDLqAS6itM7MuqCS.vMLOlRKHzS\')')
 4 SYSTEMPATH\Database\BaseBuilder.php(2309): CodeIgniter\Database\BaseConnection->query('INSERT INTO `users` (`password`) VALUES (:password:)', [...], false)
 5 SYSTEMPATH\Model.php(330): CodeIgniter\Database\BaseBuilder->insert()
 6 SYSTEMPATH\BaseModel.php(782): CodeIgniter\Model->doInsert([...])
 7 SYSTEMPATH\Model.php(730): CodeIgniter\BaseModel->insert([...], false)
 8 SYSTEMPATH\BaseModel.php(692): CodeIgniter\Model->insert([...], false)
 9 APPPATH\Controllers\ForgotPassword.php(61): CodeIgniter\BaseModel->save([...])
10 SYSTEMPATH\CodeIgniter.php(934): App\Controllers\ForgotPassword->index()
11 SYSTEMPATH\CodeIgniter.php(499): CodeIgniter\CodeIgniter->runController(Object(App\Controllers\ForgotPassword))
12 SYSTEMPATH\CodeIgniter.php(368): CodeIgniter\CodeIgniter->handleRequest(null, Object(Config\Cache), false)
13 FCPATH\index.php(67): CodeIgniter\CodeIgniter->run()
14 SYSTEMPATH\Commands\Server\rewrite.php(47): require_once('C:\\Users\\ABC\\Desktop\\submission\\auth-login\\public\\index.php')
CRITICAL - 2023-04-13 10:26:23 --> CodeIgniter\BaseModel::transformDataToArray(): Return value must be of type array, string returned
in SYSTEMPATH\BaseModel.php on line 1706.
 1 SYSTEMPATH\BaseModel.php(910): CodeIgniter\BaseModel->transformDataToArray('$2y$10$Pp12iFBTLc9aey2gguBj7uYRGEAaf4fILnfpik1FBkw7kpTvJgTqe', 'update')
 2 SYSTEMPATH\Model.php(756): CodeIgniter\BaseModel->update([...], '$2y$10$Pp12iFBTLc9aey2gguBj7uYRGEAaf4fILnfpik1FBkw7kpTvJgTqe')
 3 APPPATH\Controllers\ForgotPassword.php(60): CodeIgniter\Model->update('email', '$2y$10$Pp12iFBTLc9aey2gguBj7uYRGEAaf4fILnfpik1FBkw7kpTvJgTqe')
 4 SYSTEMPATH\CodeIgniter.php(934): App\Controllers\ForgotPassword->index()
 5 SYSTEMPATH\CodeIgniter.php(499): CodeIgniter\CodeIgniter->runController(Object(App\Controllers\ForgotPassword))
 6 SYSTEMPATH\CodeIgniter.php(368): CodeIgniter\CodeIgniter->handleRequest(null, Object(Config\Cache), false)
 7 FCPATH\index.php(67): CodeIgniter\CodeIgniter->run()
 8 SYSTEMPATH\Commands\Server\rewrite.php(47): require_once('C:\\Users\\ABC\\Desktop\\submission\\auth-login\\public\\index.php')
